This is pdfTeX, Version 3.14159265-2.6-1.40.20 (TeX Live 2019/Debian) (preloaded format=pdflatex 2021.10.16)  2 JUN 2022 18:38
entering extended mode
 restricted \write18 enabled.
 %&-line parsing enabled.
**Sprawko_Genetyk.tex
(./Sprawko_Genetyk.tex
LaTeX2e <2020-02-02> patch level 2
L3 programming layer <2020-02-14>
(/usr/share/texlive/texmf-dist/tex/latex/base/article.cls
Document Class: article 2019/12/20 v1.4l Standard LaTeX document class
(/usr/share/texlive/texmf-dist/tex/latex/base/size10.clo
File: size10.clo 2019/12/20 v1.4l Standard LaTeX file (size option)
)
\c@part=\count167
\c@section=\count168
\c@subsection=\count169
\c@subsubsection=\count170
\c@paragraph=\count171
\c@subparagraph=\count172
\c@figure=\count173
\c@table=\count174
\abovecaptionskip=\skip47
\belowcaptionskip=\skip48
\bibindent=\dimen134
)
(/usr/share/texlive/texmf-dist/tex/latex/l3packages/xparse/xparse.sty
(/usr/share/texlive/texmf-dist/tex/latex/l3kernel/expl3.sty
Package: expl3 2020-02-14 L3 programming layer (loader) 

(/usr/share/texlive/texmf-dist/tex/latex/l3backend/l3backend-pdfmode.def
File: l3backend-pdfmode.def 2020-02-03 L3 backend support: PDF mode
\l__kernel_color_stack_int=\count175
\l__pdf_internal_box=\box45
))
Package: xparse 2020-02-14 L3 Experimental document command parser
\l__xparse_current_arg_int=\count176
\g__xparse_grabber_int=\count177
\l__xparse_m_args_int=\count178
\l__xparse_v_nesting_int=\count179
)
(/usr/share/texlive/texmf-dist/tex/latex/geometry/geometry.sty
Package: geometry 2020/01/02 v5.9 Page Geometry

(/usr/share/texlive/texmf-dist/tex/latex/graphics/keyval.sty
Package: keyval 2014/10/28 v1.15 key=value parser (DPC)
\KV@toks@=\toks14
)
(/usr/share/texlive/texmf-dist/tex/generic/iftex/ifvtex.sty
Package: ifvtex 2019/10/25 v1.7 ifvtex legacy package. Use iftex instead.

(/usr/share/texlive/texmf-dist/tex/generic/iftex/iftex.sty
Package: iftex 2019/11/07 v1.0c TeX engine tests
))
\Gm@cnth=\count180
\Gm@cntv=\count181
\c@Gm@tempcnt=\count182
\Gm@bindingoffset=\dimen135
\Gm@wd@mp=\dimen136
\Gm@odd@mp=\dimen137
\Gm@even@mp=\dimen138
\Gm@layoutwidth=\dimen139
\Gm@layoutheight=\dimen140
\Gm@layouthoffset=\dimen141
\Gm@layoutvoffset=\dimen142
\Gm@dimlist=\toks15
)
(/usr/share/texlive/texmf-dist/tex/latex/tools/enumerate.sty
Package: enumerate 2015/07/23 v3.00 enumerate extensions (DPC)
\@enLab=\toks16
)
(/usr/share/texlive/texmf-dist/tex/latex/base/fontenc.sty
Package: fontenc 2020/02/11 v2.0o Standard LaTeX package
)
(/usr/share/texlive/texmf-dist/tex/generic/babel/babel.sty
Package: babel 2020/02/14 3.40 The Babel package

(/usr/share/texlive/texmf-dist/tex/generic/babel/switch.def
File: switch.def 2020/02/14 3.40 Babel switching mechanism
)
(/usr/share/texlive/texmf-dist/tex/generic/babel-polish/polish.ldf
Language: polish 2005/03/31 v1.2l Polish support from the babel system

(/usr/share/texlive/texmf-dist/tex/generic/babel/babel.def
File: babel.def 2020/02/14 3.40 Babel common definitions
\babel@savecnt=\count183
\U@D=\dimen143

(/usr/share/texlive/texmf-dist/tex/generic/babel/txtbabel.def)
\bbl@readstream=\read2
\bbl@dirlevel=\count184
)
Package babel Info: Making " an active character on input line 83.
\pl@left=\dimen144
\pl@down=\dimen145
\pl@right=\dimen146
\pl@temp=\dimen147
))
(/usr/share/texlive/texmf-dist/tex/latex/base/inputenc.sty
Package: inputenc 2018/08/11 v1.3c Input encoding file
\inpenc@prehook=\toks17
\inpenc@posthook=\toks18
)
(/usr/share/texlive/texmf-dist/tex/latex/mathtools/mathtools.sty
Package: mathtools 2020/01/17 v1.23 mathematical typesetting tools

(/usr/share/texlive/texmf-dist/tex/latex/tools/calc.sty
Package: calc 2017/05/25 v4.3 Infix arithmetic (KKT,FJ)
\calc@Acount=\count185
\calc@Bcount=\count186
\calc@Adimen=\dimen148
\calc@Bdimen=\dimen149
\calc@Askip=\skip49
\calc@Bskip=\skip50
LaTeX Info: Redefining \setlength on input line 80.
LaTeX Info: Redefining \addtolength on input line 81.
\calc@Ccount=\count187
\calc@Cskip=\skip51
)
(/usr/share/texlive/texmf-dist/tex/latex/mathtools/mhsetup.sty
Package: mhsetup 2017/03/31 v1.3 programming setup (MH)
)
(/usr/share/texlive/texmf-dist/tex/latex/amsmath/amsmath.sty
Package: amsmath 2020/01/20 v2.17e AMS math features
\@mathmargin=\skip52

For additional information on amsmath, use the `?' option.
(/usr/share/texlive/texmf-dist/tex/latex/amsmath/amstext.sty
Package: amstext 2000/06/29 v2.01 AMS text

(/usr/share/texlive/texmf-dist/tex/latex/amsmath/amsgen.sty
File: amsgen.sty 1999/11/30 v2.0 generic functions
\@emptytoks=\toks19
\ex@=\dimen150
))
(/usr/share/texlive/texmf-dist/tex/latex/amsmath/amsbsy.sty
Package: amsbsy 1999/11/29 v1.2d Bold Symbols
\pmbraise@=\dimen151
)
(/usr/share/texlive/texmf-dist/tex/latex/amsmath/amsopn.sty
Package: amsopn 2016/03/08 v2.02 operator names
)
\inf@bad=\count188
LaTeX Info: Redefining \frac on input line 227.
\uproot@=\count189
\leftroot@=\count190
LaTeX Info: Redefining \overline on input line 389.
\classnum@=\count191
\DOTSCASE@=\count192
LaTeX Info: Redefining \ldots on input line 486.
LaTeX Info: Redefining \dots on input line 489.
LaTeX Info: Redefining \cdots on input line 610.
\Mathstrutbox@=\box46
\strutbox@=\box47
\big@size=\dimen152
LaTeX Font Info:    Redeclaring font encoding OML on input line 733.
LaTeX Font Info:    Redeclaring font encoding OMS on input line 734.
\macc@depth=\count193
\c@MaxMatrixCols=\count194
\dotsspace@=\muskip16
\c@parentequation=\count195
\dspbrk@lvl=\count196
\tag@help=\toks20
\row@=\count197
\column@=\count198
\maxfields@=\count199
\andhelp@=\toks21
\eqnshift@=\dimen153
\alignsep@=\dimen154
\tagshift@=\dimen155
\tagwidth@=\dimen156
\totwidth@=\dimen157
\lineht@=\dimen158
\@envbody=\toks22
\multlinegap=\skip53
\multlinetaggap=\skip54
\mathdisplay@stack=\toks23
LaTeX Info: Redefining \[ on input line 2859.
LaTeX Info: Redefining \] on input line 2860.
)
LaTeX Info: Thecontrolsequence`\('isalreadyrobust on input line 129.
LaTeX Info: Thecontrolsequence`\)'isalreadyrobust on input line 129.
LaTeX Info: Thecontrolsequence`\['isalreadyrobust on input line 129.
LaTeX Info: Thecontrolsequence`\]'isalreadyrobust on input line 129.
\g_MT_multlinerow_int=\count266
\l_MT_multwidth_dim=\dimen159
\origjot=\skip55
\l_MT_shortvdotswithinadjustabove_dim=\dimen160
\l_MT_shortvdotswithinadjustbelow_dim=\dimen161
\l_MT_above_intertext_sep=\dimen162
\l_MT_below_intertext_sep=\dimen163
\l_MT_above_shortintertext_sep=\dimen164
\l_MT_below_shortintertext_sep=\dimen165
)
(/usr/share/texlive/texmf-dist/tex/latex/amsfonts/amssymb.sty
Package: amssymb 2013/01/14 v3.01 AMS font symbols

(/usr/share/texlive/texmf-dist/tex/latex/amsfonts/amsfonts.sty
Package: amsfonts 2013/01/14 v3.01 Basic AMSFonts support
\symAMSa=\mathgroup4
\symAMSb=\mathgroup5
LaTeX Font Info:    Redeclaring math symbol \hbar on input line 98.
LaTeX Font Info:    Overwriting math alphabet `\mathfrak' in version `bold'
(Font)                  U/euf/m/n --> U/euf/b/n on input line 106.
))
(/usr/share/texlive/texmf-dist/tex/latex/amscls/amsthm.sty
Package: amsthm 2017/10/31 v2.20.4
\thm@style=\toks24
\thm@bodyfont=\toks25
\thm@headfont=\toks26
\thm@notefont=\toks27
\thm@headpunct=\toks28
\thm@preskip=\skip56
\thm@postskip=\skip57
\thm@headsep=\skip58
\dth@everypar=\toks29
)
(/usr/share/texlive/texmf-dist/tex/latex/pgf/frontendlayer/tikz.sty
(/usr/share/texlive/texmf-dist/tex/latex/pgf/basiclayer/pgf.sty
(/usr/share/texlive/texmf-dist/tex/latex/pgf/utilities/pgfrcs.sty
(/usr/share/texlive/texmf-dist/tex/generic/pgf/utilities/pgfutil-common.tex
\pgfutil@everybye=\toks30
\pgfutil@tempdima=\dimen166
\pgfutil@tempdimb=\dimen167

(/usr/share/texlive/texmf-dist/tex/generic/pgf/utilities/pgfutil-common-lists.t
ex)) (/usr/share/texlive/texmf-dist/tex/generic/pgf/utilities/pgfutil-latex.def
\pgfutil@abb=\box48
(/usr/share/texlive/texmf-dist/tex/latex/ms/everyshi.sty
Package: everyshi 2001/05/15 v3.00 EveryShipout Package (MS)
))
(/usr/share/texlive/texmf-dist/tex/generic/pgf/utilities/pgfrcs.code.tex
(/usr/share/texlive/texmf-dist/tex/generic/pgf/pgf.revision.tex)
Package: pgfrcs 2020/01/08 v3.1.5b (3.1.5b)
))
Package: pgf 2020/01/08 v3.1.5b (3.1.5b)

(/usr/share/texlive/texmf-dist/tex/latex/pgf/basiclayer/pgfcore.sty
(/usr/share/texlive/texmf-dist/tex/latex/graphics/graphicx.sty
Package: graphicx 2019/11/30 v1.2a Enhanced LaTeX Graphics (DPC,SPQR)

(/usr/share/texlive/texmf-dist/tex/latex/graphics/graphics.sty
Package: graphics 2019/11/30 v1.4a Standard LaTeX Graphics (DPC,SPQR)

(/usr/share/texlive/texmf-dist/tex/latex/graphics/trig.sty
Package: trig 2016/01/03 v1.10 sin cos tan (DPC)
)
(/usr/share/texlive/texmf-dist/tex/latex/graphics-cfg/graphics.cfg
File: graphics.cfg 2016/06/04 v1.11 sample graphics configuration
)
Package graphics Info: Driver file: pdftex.def on input line 105.

(/usr/share/texlive/texmf-dist/tex/latex/graphics-def/pdftex.def
File: pdftex.def 2018/01/08 v1.0l Graphics/color driver for pdftex
))
\Gin@req@height=\dimen168
\Gin@req@width=\dimen169
)
(/usr/share/texlive/texmf-dist/tex/latex/pgf/systemlayer/pgfsys.sty
(/usr/share/texlive/texmf-dist/tex/generic/pgf/systemlayer/pgfsys.code.tex
Package: pgfsys 2020/01/08 v3.1.5b (3.1.5b)

(/usr/share/texlive/texmf-dist/tex/generic/pgf/utilities/pgfkeys.code.tex
\pgfkeys@pathtoks=\toks31
\pgfkeys@temptoks=\toks32

(/usr/share/texlive/texmf-dist/tex/generic/pgf/utilities/pgfkeysfiltered.code.t
ex
\pgfkeys@tmptoks=\toks33
))
\pgf@x=\dimen170
\pgf@y=\dimen171
\pgf@xa=\dimen172
\pgf@ya=\dimen173
\pgf@xb=\dimen174
\pgf@yb=\dimen175
\pgf@xc=\dimen176
\pgf@yc=\dimen177
\pgf@xd=\dimen178
\pgf@yd=\dimen179
\w@pgf@writea=\write3
\r@pgf@reada=\read3
\c@pgf@counta=\count267
\c@pgf@countb=\count268
\c@pgf@countc=\count269
\c@pgf@countd=\count270
\t@pgf@toka=\toks34
\t@pgf@tokb=\toks35
\t@pgf@tokc=\toks36
\pgf@sys@id@count=\count271
 (/usr/share/texlive/texmf-dist/tex/generic/pgf/systemlayer/pgf.cfg
File: pgf.cfg 2020/01/08 v3.1.5b (3.1.5b)
)
Driver file for pgf: pgfsys-pdftex.def

(/usr/share/texlive/texmf-dist/tex/generic/pgf/systemlayer/pgfsys-pdftex.def
File: pgfsys-pdftex.def 2020/01/08 v3.1.5b (3.1.5b)

(/usr/share/texlive/texmf-dist/tex/generic/pgf/systemlayer/pgfsys-common-pdf.de
f
File: pgfsys-common-pdf.def 2020/01/08 v3.1.5b (3.1.5b)
)))
(/usr/share/texlive/texmf-dist/tex/generic/pgf/systemlayer/pgfsyssoftpath.code.
tex
File: pgfsyssoftpath.code.tex 2020/01/08 v3.1.5b (3.1.5b)
\pgfsyssoftpath@smallbuffer@items=\count272
\pgfsyssoftpath@bigbuffer@items=\count273
)
(/usr/share/texlive/texmf-dist/tex/generic/pgf/systemlayer/pgfsysprotocol.code.
tex
File: pgfsysprotocol.code.tex 2020/01/08 v3.1.5b (3.1.5b)
)) (/usr/share/texlive/texmf-dist/tex/latex/xcolor/xcolor.sty
Package: xcolor 2016/05/11 v2.12 LaTeX color extensions (UK)

(/usr/share/texlive/texmf-dist/tex/latex/graphics-cfg/color.cfg
File: color.cfg 2016/01/02 v1.6 sample color configuration
)
Package xcolor Info: Driver file: pdftex.def on input line 225.
Package xcolor Info: Model `cmy' substituted by `cmy0' on input line 1348.
Package xcolor Info: Model `hsb' substituted by `rgb' on input line 1352.
Package xcolor Info: Model `RGB' extended on input line 1364.
Package xcolor Info: Model `HTML' substituted by `rgb' on input line 1366.
Package xcolor Info: Model `Hsb' substituted by `hsb' on input line 1367.
Package xcolor Info: Model `tHsb' substituted by `hsb' on input line 1368.
Package xcolor Info: Model `HSB' substituted by `hsb' on input line 1369.
Package xcolor Info: Model `Gray' substituted by `gray' on input line 1370.
Package xcolor Info: Model `wave' substituted by `hsb' on input line 1371.
)
(/usr/share/texlive/texmf-dist/tex/generic/pgf/basiclayer/pgfcore.code.tex
Package: pgfcore 2020/01/08 v3.1.5b (3.1.5b)

(/usr/share/texlive/texmf-dist/tex/generic/pgf/math/pgfmath.code.tex
(/usr/share/texlive/texmf-dist/tex/generic/pgf/math/pgfmathcalc.code.tex
(/usr/share/texlive/texmf-dist/tex/generic/pgf/math/pgfmathutil.code.tex)
(/usr/share/texlive/texmf-dist/tex/generic/pgf/math/pgfmathparser.code.tex
\pgfmath@dimen=\dimen180
\pgfmath@count=\count274
\pgfmath@box=\box49
\pgfmath@toks=\toks37
\pgfmath@stack@operand=\toks38
\pgfmath@stack@operation=\toks39
)
(/usr/share/texlive/texmf-dist/tex/generic/pgf/math/pgfmathfunctions.code.tex
(/usr/share/texlive/texmf-dist/tex/generic/pgf/math/pgfmathfunctions.basic.code
.tex)
(/usr/share/texlive/texmf-dist/tex/generic/pgf/math/pgfmathfunctions.trigonomet
ric.code.tex)
(/usr/share/texlive/texmf-dist/tex/generic/pgf/math/pgfmathfunctions.random.cod
e.tex)
(/usr/share/texlive/texmf-dist/tex/generic/pgf/math/pgfmathfunctions.comparison
.code.tex)
(/usr/share/texlive/texmf-dist/tex/generic/pgf/math/pgfmathfunctions.base.code.
tex)
(/usr/share/texlive/texmf-dist/tex/generic/pgf/math/pgfmathfunctions.round.code
.tex)
(/usr/share/texlive/texmf-dist/tex/generic/pgf/math/pgfmathfunctions.misc.code.
tex)
(/usr/share/texlive/texmf-dist/tex/generic/pgf/math/pgfmathfunctions.integerari
thmetics.code.tex)))
(/usr/share/texlive/texmf-dist/tex/generic/pgf/math/pgfmathfloat.code.tex
\c@pgfmathroundto@lastzeros=\count275
))
(/usr/share/texlive/texmf-dist/tex/generic/pgf/math/pgfint.code.tex)
(/usr/share/texlive/texmf-dist/tex/generic/pgf/basiclayer/pgfcorepoints.code.te
x
File: pgfcorepoints.code.tex 2020/01/08 v3.1.5b (3.1.5b)
\pgf@picminx=\dimen181
\pgf@picmaxx=\dimen182
\pgf@picminy=\dimen183
\pgf@picmaxy=\dimen184
\pgf@pathminx=\dimen185
\pgf@pathmaxx=\dimen186
\pgf@pathminy=\dimen187
\pgf@pathmaxy=\dimen188
\pgf@xx=\dimen189
\pgf@xy=\dimen190
\pgf@yx=\dimen191
\pgf@yy=\dimen192
\pgf@zx=\dimen193
\pgf@zy=\dimen194
)
(/usr/share/texlive/texmf-dist/tex/generic/pgf/basiclayer/pgfcorepathconstruct.
code.tex
File: pgfcorepathconstruct.code.tex 2020/01/08 v3.1.5b (3.1.5b)
\pgf@path@lastx=\dimen195
\pgf@path@lasty=\dimen196
)
(/usr/share/texlive/texmf-dist/tex/generic/pgf/basiclayer/pgfcorepathusage.code
.tex
File: pgfcorepathusage.code.tex 2020/01/08 v3.1.5b (3.1.5b)
\pgf@shorten@end@additional=\dimen197
\pgf@shorten@start@additional=\dimen198
)
(/usr/share/texlive/texmf-dist/tex/generic/pgf/basiclayer/pgfcorescopes.code.te
x
File: pgfcorescopes.code.tex 2020/01/08 v3.1.5b (3.1.5b)
\pgfpic=\box50
\pgf@hbox=\box51
\pgf@layerbox@main=\box52
\pgf@picture@serial@count=\count276
)
(/usr/share/texlive/texmf-dist/tex/generic/pgf/basiclayer/pgfcoregraphicstate.c
ode.tex
File: pgfcoregraphicstate.code.tex 2020/01/08 v3.1.5b (3.1.5b)
\pgflinewidth=\dimen199
)
(/usr/share/texlive/texmf-dist/tex/generic/pgf/basiclayer/pgfcoretransformation
s.code.tex
File: pgfcoretransformations.code.tex 2020/01/08 v3.1.5b (3.1.5b)
\pgf@pt@x=\dimen256
\pgf@pt@y=\dimen257
\pgf@pt@temp=\dimen258
)
(/usr/share/texlive/texmf-dist/tex/generic/pgf/basiclayer/pgfcorequick.code.tex
File: pgfcorequick.code.tex 2020/01/08 v3.1.5b (3.1.5b)
)
(/usr/share/texlive/texmf-dist/tex/generic/pgf/basiclayer/pgfcoreobjects.code.t
ex
File: pgfcoreobjects.code.tex 2020/01/08 v3.1.5b (3.1.5b)
)
(/usr/share/texlive/texmf-dist/tex/generic/pgf/basiclayer/pgfcorepathprocessing
.code.tex
File: pgfcorepathprocessing.code.tex 2020/01/08 v3.1.5b (3.1.5b)
)
(/usr/share/texlive/texmf-dist/tex/generic/pgf/basiclayer/pgfcorearrows.code.te
x
File: pgfcorearrows.code.tex 2020/01/08 v3.1.5b (3.1.5b)
\pgfarrowsep=\dimen259
)
(/usr/share/texlive/texmf-dist/tex/generic/pgf/basiclayer/pgfcoreshade.code.tex
File: pgfcoreshade.code.tex 2020/01/08 v3.1.5b (3.1.5b)
\pgf@max=\dimen260
\pgf@sys@shading@range@num=\count277
\pgf@shadingcount=\count278
)
(/usr/share/texlive/texmf-dist/tex/generic/pgf/basiclayer/pgfcoreimage.code.tex
File: pgfcoreimage.code.tex 2020/01/08 v3.1.5b (3.1.5b)

(/usr/share/texlive/texmf-dist/tex/generic/pgf/basiclayer/pgfcoreexternal.code.
tex
File: pgfcoreexternal.code.tex 2020/01/08 v3.1.5b (3.1.5b)
\pgfexternal@startupbox=\box53
))
(/usr/share/texlive/texmf-dist/tex/generic/pgf/basiclayer/pgfcorelayers.code.te
x
File: pgfcorelayers.code.tex 2020/01/08 v3.1.5b (3.1.5b)
)
(/usr/share/texlive/texmf-dist/tex/generic/pgf/basiclayer/pgfcoretransparency.c
ode.tex
File: pgfcoretransparency.code.tex 2020/01/08 v3.1.5b (3.1.5b)
)
(/usr/share/texlive/texmf-dist/tex/generic/pgf/basiclayer/pgfcorepatterns.code.
tex
File: pgfcorepatterns.code.tex 2020/01/08 v3.1.5b (3.1.5b)
)
(/usr/share/texlive/texmf-dist/tex/generic/pgf/basiclayer/pgfcorerdf.code.tex
File: pgfcorerdf.code.tex 2020/01/08 v3.1.5b (3.1.5b)
)))
(/usr/share/texlive/texmf-dist/tex/generic/pgf/modules/pgfmoduleshapes.code.tex
File: pgfmoduleshapes.code.tex 2020/01/08 v3.1.5b (3.1.5b)
\pgfnodeparttextbox=\box54
) (/usr/share/texlive/texmf-dist/tex/generic/pgf/modules/pgfmoduleplot.code.tex
File: pgfmoduleplot.code.tex 2020/01/08 v3.1.5b (3.1.5b)
)
(/usr/share/texlive/texmf-dist/tex/latex/pgf/compatibility/pgfcomp-version-0-65
.sty
Package: pgfcomp-version-0-65 2020/01/08 v3.1.5b (3.1.5b)
\pgf@nodesepstart=\dimen261
\pgf@nodesepend=\dimen262
)
(/usr/share/texlive/texmf-dist/tex/latex/pgf/compatibility/pgfcomp-version-1-18
.sty
Package: pgfcomp-version-1-18 2020/01/08 v3.1.5b (3.1.5b)
)) (/usr/share/texlive/texmf-dist/tex/latex/pgf/utilities/pgffor.sty
(/usr/share/texlive/texmf-dist/tex/latex/pgf/utilities/pgfkeys.sty
(/usr/share/texlive/texmf-dist/tex/generic/pgf/utilities/pgfkeys.code.tex))
(/usr/share/texlive/texmf-dist/tex/latex/pgf/math/pgfmath.sty
(/usr/share/texlive/texmf-dist/tex/generic/pgf/math/pgfmath.code.tex))
(/usr/share/texlive/texmf-dist/tex/generic/pgf/utilities/pgffor.code.tex
Package: pgffor 2020/01/08 v3.1.5b (3.1.5b)

(/usr/share/texlive/texmf-dist/tex/generic/pgf/math/pgfmath.code.tex)
\pgffor@iter=\dimen263
\pgffor@skip=\dimen264
\pgffor@stack=\toks40
\pgffor@toks=\toks41
))
(/usr/share/texlive/texmf-dist/tex/generic/pgf/frontendlayer/tikz/tikz.code.tex
Package: tikz 2020/01/08 v3.1.5b (3.1.5b)

(/usr/share/texlive/texmf-dist/tex/generic/pgf/libraries/pgflibraryplothandlers
.code.tex
File: pgflibraryplothandlers.code.tex 2020/01/08 v3.1.5b (3.1.5b)
\pgf@plot@mark@count=\count279
\pgfplotmarksize=\dimen265
)
\tikz@lastx=\dimen266
\tikz@lasty=\dimen267
\tikz@lastxsaved=\dimen268
\tikz@lastysaved=\dimen269
\tikz@lastmovetox=\dimen270
\tikz@lastmovetoy=\dimen271
\tikzleveldistance=\dimen272
\tikzsiblingdistance=\dimen273
\tikz@figbox=\box55
\tikz@figbox@bg=\box56
\tikz@tempbox=\box57
\tikz@tempbox@bg=\box58
\tikztreelevel=\count280
\tikznumberofchildren=\count281
\tikznumberofcurrentchild=\count282
\tikz@fig@count=\count283

(/usr/share/texlive/texmf-dist/tex/generic/pgf/modules/pgfmodulematrix.code.tex
File: pgfmodulematrix.code.tex 2020/01/08 v3.1.5b (3.1.5b)
\pgfmatrixcurrentrow=\count284
\pgfmatrixcurrentcolumn=\count285
\pgf@matrix@numberofcolumns=\count286
)
\tikz@expandcount=\count287

(/usr/share/texlive/texmf-dist/tex/generic/pgf/frontendlayer/tikz/libraries/tik
zlibrarytopaths.code.tex
File: tikzlibrarytopaths.code.tex 2020/01/08 v3.1.5b (3.1.5b)
)))
(/usr/share/texlive/texmf-dist/tex/latex/multirow/multirow.sty
Package: multirow 2019/05/31 v2.5 Span multiple rows of a table
\multirow@colwidth=\skip59
\multirow@cntb=\count288
\multirow@dima=\skip60
\bigstrutjot=\dimen274
)
(/usr/share/texlive/texmf-dist/tex/latex/float/float.sty
Package: float 2001/11/08 v1.3d Float enhancements (AL)
\c@float@type=\count289
\float@exts=\toks42
\float@box=\box59
\@float@everytoks=\toks43
\@floatcapt=\box60
)
(/usr/share/texlive/texmf-dist/tex/generic/pgf/frontendlayer/tikz/libraries/tik
zlibraryautomata.code.tex
File: tikzlibraryautomata.code.tex 2020/01/08 v3.1.5b (3.1.5b)

(/usr/share/texlive/texmf-dist/tex/generic/pgf/frontendlayer/tikz/libraries/tik
zlibraryshapes.multipart.code.tex
File: tikzlibraryshapes.multipart.code.tex 2020/01/08 v3.1.5b (3.1.5b)

(/usr/share/texlive/texmf-dist/tex/generic/pgf/libraries/shapes/pgflibraryshape
s.multipart.code.tex
File: pgflibraryshapes.multipart.code.tex 2020/01/08 v3.1.5b (3.1.5b)
\pgfnodepartlowerbox=\box61
\pgfnodeparttwobox=\box62
\pgfnodepartthreebox=\box63
\pgfnodepartfourbox=\box64
\pgfnodeparttwentybox=\box65
\pgfnodepartnineteenbox=\box66
\pgfnodeparteighteenbox=\box67
\pgfnodepartseventeenbox=\box68
\pgfnodepartsixteenbox=\box69
\pgfnodepartfifteenbox=\box70
\pgfnodepartfourteenbox=\box71
\pgfnodepartthirteenbox=\box72
\pgfnodeparttwelvebox=\box73
\pgfnodepartelevenbox=\box74
\pgfnodeparttenbox=\box75
\pgfnodepartninebox=\box76
\pgfnodeparteightbox=\box77
\pgfnodepartsevenbox=\box78
\pgfnodepartsixbox=\box79
\pgfnodepartfivebox=\box80
)))
(/usr/share/texlive/texmf-dist/tex/generic/pgf/libraries/pgflibraryarrows.meta.
code.tex
File: pgflibraryarrows.meta.code.tex 2020/01/08 v3.1.5b (3.1.5b)
\pgfarrowinset=\dimen275
\pgfarrowlength=\dimen276
\pgfarrowwidth=\dimen277
\pgfarrowlinewidth=\dimen278
)
(/usr/share/texlive/texmf-dist/tex/generic/pgf/frontendlayer/tikz/libraries/tik
zlibrarypositioning.code.tex
File: tikzlibrarypositioning.code.tex 2020/01/08 v3.1.5b (3.1.5b)
)
(/usr/share/texlive/texmf-dist/tex/generic/pgf/frontendlayer/tikz/libraries/tik
zlibraryarrows.code.tex
File: tikzlibraryarrows.code.tex 2020/01/08 v3.1.5b (3.1.5b)

(/usr/share/texlive/texmf-dist/tex/generic/pgf/libraries/pgflibraryarrows.code.
tex
File: pgflibraryarrows.code.tex 2020/01/08 v3.1.5b (3.1.5b)
\arrowsize=\dimen279
)) (/usr/share/texlive/texmf-dist/tex/latex/pgfplots/pgfplots.sty
(/usr/share/texlive/texmf-dist/tex/generic/pgfplots/pgfplots.revision.tex)
Package: pgfplots 2018/03/28 v1.16 Data Visualization (1.16)

(/usr/share/texlive/texmf-dist/tex/generic/pgfplots/pgfplots.code.tex
(/usr/share/texlive/texmf-dist/tex/generic/pgfplots/pgfplotscore.code.tex
\t@pgfplots@toka=\toks44
\t@pgfplots@tokb=\toks45
\t@pgfplots@tokc=\toks46
\pgfplots@tmpa=\dimen280
\c@pgfplots@coordindex=\count290
\c@pgfplots@scanlineindex=\count291

(/usr/share/texlive/texmf-dist/tex/generic/pgfplots/sys/pgfplotssysgeneric.code
.tex))
(/usr/share/texlive/texmf-dist/tex/generic/pgfplots/libs/pgfplotslibrary.code.t
ex)
(/usr/share/texlive/texmf-dist/tex/generic/pgfplots/oldpgfcompatib/pgfplotsoldp
gfsupp_loader.code.tex
(/usr/share/texlive/texmf-dist/tex/generic/pgf/libraries/pgflibraryfpu.code.tex
))
(/usr/share/texlive/texmf-dist/tex/generic/pgfplots/util/pgfplotsutil.code.tex
(/usr/share/texlive/texmf-dist/tex/generic/pgfplots/liststructure/pgfplotslists
tructure.code.tex)
(/usr/share/texlive/texmf-dist/tex/generic/pgfplots/liststructure/pgfplotslists
tructureext.code.tex)
(/usr/share/texlive/texmf-dist/tex/generic/pgfplots/liststructure/pgfplotsarray
.code.tex
\c@pgfplotsarray@tmp=\count292
)
(/usr/share/texlive/texmf-dist/tex/generic/pgfplots/liststructure/pgfplotsmatri
x.code.tex)
(/usr/share/texlive/texmf-dist/tex/generic/pgfplots/numtable/pgfplotstableshare
d.code.tex
\c@pgfplotstable@counta=\count293
\t@pgfplotstable@a=\toks47
)
(/usr/share/texlive/texmf-dist/tex/generic/pgfplots/liststructure/pgfplotsdeque
.code.tex)
(/usr/share/texlive/texmf-dist/tex/generic/pgfplots/util/pgfplotsbinary.code.te
x
(/usr/share/texlive/texmf-dist/tex/generic/pgfplots/util/pgfplotsbinary.data.co
de.tex))
(/usr/share/texlive/texmf-dist/tex/generic/pgfplots/util/pgfplotsutil.verb.code
.tex)
(/usr/share/texlive/texmf-dist/tex/generic/pgfplots/libs/pgflibrarypgfplots.sur
fshading.code.tex
\c@pgfplotslibrarysurf@no=\count294

(/usr/share/texlive/texmf-dist/tex/generic/pgfplots/sys/pgflibrarypgfplots.surf
shading.pgfsys-pdftex.def)))
(/usr/share/texlive/texmf-dist/tex/generic/pgfplots/util/pgfplotscolormap.code.
tex
(/usr/share/texlive/texmf-dist/tex/generic/pgfplots/util/pgfplotscolor.code.tex
))
(/usr/share/texlive/texmf-dist/tex/generic/pgfplots/pgfplotsstackedplots.code.t
ex)
(/usr/share/texlive/texmf-dist/tex/generic/pgfplots/pgfplotsplothandlers.code.t
ex
(/usr/share/texlive/texmf-dist/tex/generic/pgfplots/pgfplotsmeshplothandler.cod
e.tex
(/usr/share/texlive/texmf-dist/tex/generic/pgfplots/pgfplotsmeshplotimage.code.
tex)))
(/usr/share/texlive/texmf-dist/tex/generic/pgfplots/pgfplots.scaling.code.tex)
(/usr/share/texlive/texmf-dist/tex/generic/pgfplots/pgfplotscoordprocessing.cod
e.tex)
(/usr/share/texlive/texmf-dist/tex/generic/pgfplots/pgfplots.errorbars.code.tex
) (/usr/share/texlive/texmf-dist/tex/generic/pgfplots/pgfplots.markers.code.tex
) (/usr/share/texlive/texmf-dist/tex/generic/pgfplots/pgfplotsticks.code.tex)
(/usr/share/texlive/texmf-dist/tex/generic/pgfplots/pgfplots.paths.code.tex)
(/usr/share/texlive/texmf-dist/tex/generic/pgf/frontendlayer/tikz/libraries/tik
zlibrarydecorations.code.tex
(/usr/share/texlive/texmf-dist/tex/generic/pgf/modules/pgfmoduledecorations.cod
e.tex
\pgfdecoratedcompleteddistance=\dimen281
\pgfdecoratedremainingdistance=\dimen282
\pgfdecoratedinputsegmentcompleteddistance=\dimen283
\pgfdecoratedinputsegmentremainingdistance=\dimen284
\pgf@decorate@distancetomove=\dimen285
\pgf@decorate@repeatstate=\count295
\pgfdecorationsegmentamplitude=\dimen286
\pgfdecorationsegmentlength=\dimen287
)
\tikz@lib@dec@box=\box81
)
(/usr/share/texlive/texmf-dist/tex/generic/pgf/frontendlayer/tikz/libraries/tik
zlibrarydecorations.pathmorphing.code.tex
(/usr/share/texlive/texmf-dist/tex/generic/pgf/libraries/decorations/pgflibrary
decorations.pathmorphing.code.tex))
(/usr/share/texlive/texmf-dist/tex/generic/pgf/frontendlayer/tikz/libraries/tik
zlibrarydecorations.pathreplacing.code.tex
(/usr/share/texlive/texmf-dist/tex/generic/pgf/libraries/decorations/pgflibrary
decorations.pathreplacing.code.tex))
\pgfplots@numplots=\count296
\pgfplots@xmin@reg=\dimen288
\pgfplots@xmax@reg=\dimen289
\pgfplots@ymin@reg=\dimen290
\pgfplots@ymax@reg=\dimen291
\pgfplots@zmin@reg=\dimen292
\pgfplots@zmax@reg=\dimen293
)
(/usr/share/texlive/texmf-dist/tex/generic/pgf/frontendlayer/tikz/libraries/tik
zlibraryplotmarks.code.tex
File: tikzlibraryplotmarks.code.tex 2020/01/08 v3.1.5b (3.1.5b)

(/usr/share/texlive/texmf-dist/tex/generic/pgf/libraries/pgflibraryplotmarks.co
de.tex
File: pgflibraryplotmarks.code.tex 2020/01/08 v3.1.5b (3.1.5b)
))) (/usr/share/texlive/texmf-dist/tex/latex/caption/subcaption.sty
Package: subcaption 2020/01/22 v1.3d Sub-captions (AR)

(/usr/share/texlive/texmf-dist/tex/latex/caption/caption.sty
Package: caption 2020/01/03 v3.4h Customizing captions (AR)

(/usr/share/texlive/texmf-dist/tex/latex/caption/caption3.sty
Package: caption3 2020/01/03 v1.8h caption3 kernel (AR)
Package caption3 Info: TeX engine: e-TeX on input line 61.
\captionmargin=\dimen294
\captionmargin@=\dimen295
\captionwidth=\dimen296
\caption@tempdima=\dimen297
\caption@indent=\dimen298
\caption@parindent=\dimen299
\caption@hangindent=\dimen300
Package caption Info: Standard document class detected.
)
\c@caption@flags=\count297
\c@continuedfloat=\count298
Package caption Info: float package is loaded.
)
\c@subfigure=\count299
\c@subtable=\count300
)
(./Sprawko_Genetyk.aux)
\openout1 = `Sprawko_Genetyk.aux'.

LaTeX Font Info:    Checking defaults for OML/cmm/m/it on input line 40.
LaTeX Font Info:    ... okay on input line 40.
LaTeX Font Info:    Checking defaults for OMS/cmsy/m/n on input line 40.
LaTeX Font Info:    ... okay on input line 40.
LaTeX Font Info:    Checking defaults for OT1/cmr/m/n on input line 40.
LaTeX Font Info:    ... okay on input line 40.
LaTeX Font Info:    Checking defaults for T1/cmr/m/n on input line 40.
LaTeX Font Info:    ... okay on input line 40.
LaTeX Font Info:    Checking defaults for TS1/cmr/m/n on input line 40.
LaTeX Font Info:    ... okay on input line 40.
LaTeX Font Info:    Checking defaults for OMX/cmex/m/n on input line 40.
LaTeX Font Info:    ... okay on input line 40.
LaTeX Font Info:    Checking defaults for U/cmr/m/n on input line 40.
LaTeX Font Info:    ... okay on input line 40.

*geometry* driver: auto-detecting
*geometry* detected driver: pdftex
*geometry* verbose mode - [ preamble ] result:
* driver: pdftex
* paper: <default>
* layout: <same size as paper>
* layoutoffset:(h,v)=(0.0pt,0.0pt)
* modes: 
* h-part:(L,W,R)=(42.67912pt, 528.93675pt, 42.67912pt)
* v-part:(T,H,B)=(42.67912pt, 709.61174pt, 42.67912pt)
* \paperwidth=614.295pt
* \paperheight=794.96999pt
* \textwidth=528.93675pt
* \textheight=709.61174pt
* \oddsidemargin=-29.59087pt
* \evensidemargin=-29.59087pt
* \topmargin=-66.59087pt
* \headheight=12.0pt
* \headsep=25.0pt
* \topskip=10.0pt
* \footskip=30.0pt
* \marginparwidth=65.0pt
* \marginparsep=11.0pt
* \columnsep=10.0pt
* \skip\footins=9.0pt plus 4.0pt minus 2.0pt
* \hoffset=0.0pt
* \voffset=0.0pt
* \mag=1000
* \@twocolumnfalse
* \@twosidefalse
* \@mparswitchfalse
* \@reversemarginfalse
* (1in=72.27pt=25.4mm, 1cm=28.453pt)

ABD: EveryShipout initializing macros
(/usr/share/texlive/texmf-dist/tex/context/base/mkii/supp-pdf.mkii
[Loading MPS to PDF converter (version 2006.09.02).]
\scratchcounter=\count301
\scratchdimen=\dimen301
\scratchbox=\box82
\nofMPsegments=\count302
\nofMParguments=\count303
\everyMPshowfont=\toks48
\MPscratchCnt=\count304
\MPscratchDim=\dimen302
\MPnumerator=\count305
\makeMPintoPDFobject=\count306
\everyMPtoPDFconversion=\toks49
) (/usr/share/texlive/texmf-dist/tex/latex/epstopdf-pkg/epstopdf-base.sty
Package: epstopdf-base 2020-01-24 v2.11 Base part for package epstopdf
Package epstopdf-base Info: Redefining graphics rule for `.eps' on input line 4
85.

(/usr/share/texlive/texmf-dist/tex/latex/latexconfig/epstopdf-sys.cfg
File: epstopdf-sys.cfg 2010/07/13 v1.3 Configuration of (r)epstopdf for TeX Liv
e
))
Package pgfplots notification 'compat/show suggested version=true': document ha
s been generated with the most recent feature set (\pgfplotsset{compat=1.16}).

Package caption Info: Begin \AtBeginDocument code.
Package caption Info: End \AtBeginDocument code.
LaTeX Font Info:    Trying to load font information for U+msa on input line 41.

(/usr/share/texlive/texmf-dist/tex/latex/amsfonts/umsa.fd
File: umsa.fd 2013/01/14 v3.01 AMS symbols A
)
LaTeX Font Info:    Trying to load font information for U+msb on input line 41.


(/usr/share/texlive/texmf-dist/tex/latex/amsfonts/umsb.fd
File: umsb.fd 2013/01/14 v3.01 AMS symbols B
)
LaTeX Font Info:    Trying to load font information for T1+cmtt on input line 4
8.

(/usr/share/texlive/texmf-dist/tex/latex/base/t1cmtt.fd
File: t1cmtt.fd 2019/12/16 v2.5j Standard LaTeX font definitions
)
Underfull \hbox (badness 10000) in paragraph at lines 48--50

 []


Underfull \hbox (badness 10000) in paragraph at lines 48--50

 []

[1

{/var/lib/texmf/fonts/map/pdftex/updmap/pdftex.map}]
Underfull \hbox (badness 10000) in paragraph at lines 94--95

 []


Underfull \hbox (badness 10000) in paragraph at lines 94--95

 []

[2] [3]
Underfull \hbox (badness 10000) in paragraph at lines 162--165

 []


Underfull \hbox (badness 10000) in paragraph at lines 172--173

 []

<simDistI.png, id=27, 766.865pt x 431.6125pt>
File: simDistI.png Graphic file (type png)
<use simDistI.png>
Package pdftex.def Info: simDistI.png  used on input line 174.
(pdftex.def)             Requested size: 276.0712pt x 155.38037pt.
<asimDistI.png, id=29, 766.865pt x 431.6125pt>
File: asimDistI.png Graphic file (type png)
<use asimDistI.png>
Package pdftex.def Info: asimDistI.png  used on input line 175.
(pdftex.def)             Requested size: 276.0712pt x 155.38037pt.

Overfull \hbox (25.42732pt too wide) in paragraph at lines 174--176
[][] [] 
 []

[4 <./simDistI.png> <./asimDistI.png>]
<simDist52.png, id=36, 766.865pt x 431.6125pt>
File: simDist52.png Graphic file (type png)
<use simDist52.png>
Package pdftex.def Info: simDist52.png  used on input line 186.
(pdftex.def)             Requested size: 276.0712pt x 155.38037pt.
<simDist70.png, id=37, 766.865pt x 431.6125pt>
File: simDist70.png Graphic file (type png)
<use simDist70.png>
Package pdftex.def Info: simDist70.png  used on input line 187.
(pdftex.def)             Requested size: 276.0712pt x 155.38037pt.
<simDist76.png, id=38, 766.865pt x 431.6125pt>
File: simDist76.png Graphic file (type png)
<use simDist76.png>
Package pdftex.def Info: simDist76.png  used on input line 188.
(pdftex.def)             Requested size: 276.0712pt x 155.38037pt.
<simDist127.png, id=39, 766.865pt x 431.6125pt>
File: simDist127.png Graphic file (type png)
<use simDist127.png>
Package pdftex.def Info: simDist127.png  used on input line 189.
(pdftex.def)             Requested size: 276.0712pt x 155.38037pt.
<simDist150.png, id=40, 768.8725pt x 432.61626pt>
File: simDist150.png Graphic file (type png)
<use simDist150.png>
Package pdftex.def Info: simDist150.png  used on input line 190.
(pdftex.def)             Requested size: 276.79388pt x 155.74173pt.
<simDist318.png, id=41, 762.85pt x 429.605pt>
File: simDist318.png Graphic file (type png)
<use simDist318.png>
Package pdftex.def Info: simDist318.png  used on input line 191.
(pdftex.def)             Requested size: 274.6258pt x 154.65767pt.
<simDist319.png, id=42, 768.8725pt x 432.61626pt>
File: simDist319.png Graphic file (type png)
<use simDist319.png>
Package pdftex.def Info: simDist319.png  used on input line 192.
(pdftex.def)             Requested size: 276.79388pt x 155.74173pt.
<simDist439.png, id=43, 768.8725pt x 432.61626pt>
File: simDist439.png Graphic file (type png)
<use simDist439.png>
Package pdftex.def Info: simDist439.png  used on input line 193.
(pdftex.def)             Requested size: 276.79388pt x 155.74173pt.

Overfull \hbox (25.42732pt too wide) in paragraph at lines 186--194
[][] []
 []


Overfull \hbox (25.42732pt too wide) in paragraph at lines 186--194
[] []
 []


Overfull \hbox (24.7046pt too wide) in paragraph at lines 186--194
[] []
 []


Overfull \hbox (26.8727pt too wide) in paragraph at lines 186--194
[] [] 
 []

<asimDist56.png, id=44, 766.865pt x 431.6125pt>
File: asimDist56.png Graphic file (type png)
<use asimDist56.png>
Package pdftex.def Info: asimDist56.png  used on input line 195.
(pdftex.def)             Requested size: 276.0712pt x 155.38037pt.
<asimDist65.png, id=45, 766.865pt x 431.6125pt>
File: asimDist65.png Graphic file (type png)
<use asimDist65.png>
Package pdftex.def Info: asimDist65.png  used on input line 196.
(pdftex.def)             Requested size: 276.0712pt x 155.38037pt.
<asimDist71.png, id=46, 766.865pt x 431.6125pt>
File: asimDist71.png Graphic file (type png)
<use asimDist71.png>
Package pdftex.def Info: asimDist71.png  used on input line 197.
(pdftex.def)             Requested size: 276.0712pt x 155.38037pt.
<asimDist100.png, id=47, 766.865pt x 431.6125pt>
File: asimDist100.png Graphic file (type png)
<use asimDist100.png>
Package pdftex.def Info: asimDist100.png  used on input line 198.
(pdftex.def)             Requested size: 276.0712pt x 155.38037pt.
<asimDist171.png, id=48, 768.8725pt x 432.61626pt>
File: asimDist171.png Graphic file (type png)
<use asimDist171.png>
Package pdftex.def Info: asimDist171.png  used on input line 199.
(pdftex.def)             Requested size: 276.79388pt x 155.74173pt.
<asimDist323.png, id=49, 762.85pt x 429.605pt>
File: asimDist323.png Graphic file (type png)
<use asimDist323.png>
Package pdftex.def Info: asimDist323.png  used on input line 200.
(pdftex.def)             Requested size: 274.6258pt x 154.65767pt.
<asimDist358.png, id=50, 768.8725pt x 432.61626pt>
File: asimDist358.png Graphic file (type png)
<use asimDist358.png>
Package pdftex.def Info: asimDist358.png  used on input line 201.
(pdftex.def)             Requested size: 276.79388pt x 155.74173pt.
<asimDist443.png, id=51, 768.8725pt x 432.61626pt>
File: asimDist443.png Graphic file (type png)
<use asimDist443.png>
Package pdftex.def Info: asimDist443.png  used on input line 202.
(pdftex.def)             Requested size: 276.79388pt x 155.74173pt.

Overfull \hbox (25.42732pt too wide) in paragraph at lines 195--203
[][] []
 []


Overfull \hbox (25.42732pt too wide) in paragraph at lines 195--203
[] []
 []


Overfull \hbox (24.7046pt too wide) in paragraph at lines 195--203
[] []
 []


Overfull \hbox (26.8727pt too wide) in paragraph at lines 195--203
[] [] 
 []

[5 <./simDist52.png> <./simDist70.png> <./simDist76.png> <./simDist127.png> <./
simDist150.png> <./simDist318.png> <./simDist319.png> <./simDist439.png>]
[6 <./asimDist56.png> <./asimDist65.png> <./asimDist71.png> <./asimDist100.png>
 <./asimDist171.png> <./asimDist323.png> <./asimDist358.png> <./asimDist443.png
>] [7] [8]
<parDistSim70.png, id=81, 765.86125pt x 430.60875pt>
File: parDistSim70.png Graphic file (type png)
<use parDistSim70.png>
Package pdftex.def Info: parDistSim70.png  used on input line 355.
(pdftex.def)             Requested size: 275.70984pt x 155.01903pt.
<parDistSim439.png, id=82, 765.86125pt x 430.60875pt>
File: parDistSim439.png Graphic file (type png)
<use parDistSim439.png>
Package pdftex.def Info: parDistSim439.png  used on input line 356.
(pdftex.def)             Requested size: 275.70984pt x 155.01903pt.
<parDistAsim71.png, id=83, 765.86125pt x 430.60875pt>
File: parDistAsim71.png Graphic file (type png)
<use parDistAsim71.png>
Package pdftex.def Info: parDistAsim71.png  used on input line 357.
(pdftex.def)             Requested size: 275.70984pt x 155.01903pt.
<parDistAsim443.png, id=84, 765.86125pt x 430.60875pt>
File: parDistAsim443.png Graphic file (type png)
<use parDistAsim443.png>
Package pdftex.def Info: parDistAsim443.png  used on input line 358.
(pdftex.def)             Requested size: 275.70984pt x 155.01903pt.

Overfull \hbox (24.7046pt too wide) in paragraph at lines 355--359
[][] []
 []


Overfull \hbox (24.7046pt too wide) in paragraph at lines 355--359
[] [] 
 []

[9 <./parDistSim70.png> <./parDistSim439.png> <./parDistAsim71.png> <./parDistA
sim443.png>]
<pSSim70.png, id=92, 767.86874pt x 431.6125pt>
File: pSSim70.png Graphic file (type png)
<use pSSim70.png>
Package pdftex.def Info: pSSim70.png  used on input line 373.
(pdftex.def)             Requested size: 276.43253pt x 155.38037pt.
<pSSim439.png, id=93, 767.86874pt x 431.6125pt>
File: pSSim439.png Graphic file (type png)
<use pSSim439.png>
Package pdftex.def Info: pSSim439.png  used on input line 374.
(pdftex.def)             Requested size: 276.43253pt x 155.38037pt.
<mTSim70.png, id=94, 768.8725pt x 432.61626pt>
File: mTSim70.png Graphic file (type png)
<use mTSim70.png>
Package pdftex.def Info: mTSim70.png  used on input line 375.
(pdftex.def)             Requested size: 276.79388pt x 155.74173pt.
<mTSim439.png, id=95, 768.8725pt x 432.61626pt>
File: mTSim439.png Graphic file (type png)
<use mTSim439.png>
Package pdftex.def Info: mTSim439.png  used on input line 376.
(pdftex.def)             Requested size: 276.79388pt x 155.74173pt.
<mISim70.png, id=96, 769.87625pt x 433.62pt>
File: mISim70.png Graphic file (type png)
<use mISim70.png>
Package pdftex.def Info: mISim70.png  used on input line 377.
(pdftex.def)             Requested size: 277.15524pt x 156.10307pt.
<mISim439.png, id=97, 768.8725pt x 432.61626pt>
File: mISim439.png Graphic file (type png)
<use mISim439.png>
Package pdftex.def Info: mISim439.png  used on input line 378.
(pdftex.def)             Requested size: 276.79388pt x 155.74173pt.
<cSSim70.png, id=98, 767.86874pt x 431.6125pt>
File: cSSim70.png Graphic file (type png)
<use cSSim70.png>
Package pdftex.def Info: cSSim70.png  used on input line 379.
(pdftex.def)             Requested size: 276.43253pt x 155.38037pt.
<cSSim439.png, id=99, 769.87625pt x 432.61626pt>
File: cSSim439.png Graphic file (type png)
<use cSSim439.png>
Package pdftex.def Info: cSSim439.png  used on input line 380.
(pdftex.def)             Requested size: 277.15524pt x 155.74173pt.

Overfull \hbox (26.14998pt too wide) in paragraph at lines 373--381
[] []
 []


Overfull \hbox (26.8727pt too wide) in paragraph at lines 373--381
[] []
 []


Overfull \hbox (27.23405pt too wide) in paragraph at lines 373--381
[] []
 []


Overfull \hbox (26.8727pt too wide) in paragraph at lines 373--381
[] [] 
 []

[10 <./pSSim70.png> <./pSSim439.png> <./mTSim70.png> <./mTSim439.png>]
<pSAsim71.png, id=107, 767.86874pt x 431.6125pt>
File: pSAsim71.png Graphic file (type png)
<use pSAsim71.png>
Package pdftex.def Info: pSAsim71.png  used on input line 383.
(pdftex.def)             Requested size: 276.43253pt x 155.38037pt.
<pSAsim443.png, id=108, 767.86874pt x 431.6125pt>
File: pSAsim443.png Graphic file (type png)
<use pSAsim443.png>
Package pdftex.def Info: pSAsim443.png  used on input line 384.
(pdftex.def)             Requested size: 276.43253pt x 155.38037pt.
<mTAsim71.png, id=109, 768.8725pt x 432.61626pt>
File: mTAsim71.png Graphic file (type png)
<use mTAsim71.png>
Package pdftex.def Info: mTAsim71.png  used on input line 385.
(pdftex.def)             Requested size: 276.79388pt x 155.74173pt.
<mTAsim443.png, id=110, 768.8725pt x 432.61626pt>
File: mTAsim443.png Graphic file (type png)
<use mTAsim443.png>
Package pdftex.def Info: mTAsim443.png  used on input line 386.
(pdftex.def)             Requested size: 276.79388pt x 155.74173pt.
<mIAsim71.png, id=111, 768.8725pt x 432.61626pt>
File: mIAsim71.png Graphic file (type png)
<use mIAsim71.png>
Package pdftex.def Info: mIAsim71.png  used on input line 387.
(pdftex.def)             Requested size: 276.79388pt x 155.74173pt.
<mIAsim443.png, id=112, 770.88pt x 433.62pt>
File: mIAsim443.png Graphic file (type png)
<use mIAsim443.png>
Package pdftex.def Info: mIAsim443.png  used on input line 388.
(pdftex.def)             Requested size: 277.51659pt x 156.10307pt.
<cSAsim71.png, id=113, 768.8725pt x 432.61626pt>
File: cSAsim71.png Graphic file (type png)
<use cSAsim71.png>
Package pdftex.def Info: cSAsim71.png  used on input line 389.
(pdftex.def)             Requested size: 276.79388pt x 155.74173pt.
<cSAsim443.png, id=114, 769.87625pt x 432.61626pt>
File: cSAsim443.png Graphic file (type png)
<use cSAsim443.png>
Package pdftex.def Info: cSAsim443.png  used on input line 390.
(pdftex.def)             Requested size: 277.15524pt x 155.74173pt.

Overfull \hbox (26.14998pt too wide) in paragraph at lines 383--391
[] []
 []


Overfull \hbox (26.8727pt too wide) in paragraph at lines 383--391
[] []
 []


Overfull \hbox (27.5954pt too wide) in paragraph at lines 383--391
[] []
 []


Overfull \hbox (27.23405pt too wide) in paragraph at lines 383--391
[] [] 
 []

[11 <./mISim70.png> <./mISim439.png> <./cSSim70.png> <./cSSim439.png> <./pSAsim
71.png> <./pSAsim443.png> <./mTAsim71.png> <./mTAsim443.png>]

LaTeX Warning: `!h' float specifier changed to `!ht'.

[12 <./mIAsim71.png> <./mIAsim443.png> <./cSAsim71.png> <./cSAsim443.png>]
Underfull \hbox (badness 10000) in paragraph at lines 459--463

 []


Underfull \hbox (badness 10000) in paragraph at lines 459--463

 []


Underfull \hbox (badness 10000) in paragraph at lines 459--463

 []

<locEnhSim70.png, id=133, 769.87625pt x 433.62pt>
File: locEnhSim70.png Graphic file (type png)
<use locEnhSim70.png>
Package pdftex.def Info: locEnhSim70.png  used on input line 464.
(pdftex.def)             Requested size: 277.15524pt x 156.10307pt.
<locEnhSim439.png, id=134, 770.88pt x 433.62pt>
File: locEnhSim439.png Graphic file (type png)
<use locEnhSim439.png>
Package pdftex.def Info: locEnhSim439.png  used on input line 465.
(pdftex.def)             Requested size: 277.51659pt x 156.10307pt.
<locEnhAsim71.png, id=135, 766.865pt x 431.6125pt>
File: locEnhAsim71.png Graphic file (type png)
<use locEnhAsim71.png>
Package pdftex.def Info: locEnhAsim71.png  used on input line 466.
(pdftex.def)             Requested size: 276.0712pt x 155.38037pt.
<locEnhAsim443.png, id=136, 768.8725pt x 432.61626pt>
File: locEnhAsim443.png Graphic file (type png)
<use locEnhAsim443.png>
Package pdftex.def Info: locEnhAsim443.png  used on input line 467.
(pdftex.def)             Requested size: 276.79388pt x 155.74173pt.

Overfull \hbox (27.95676pt too wide) in paragraph at lines 464--468
[][] []
 []


Overfull \hbox (26.15001pt too wide) in paragraph at lines 464--468
[] [] 
 []

[13 <./locEnhSim70.png> <./locEnhSim439.png>]
<locEnhIter.png, id=143, 768.8725pt x 432.61626pt>
File: locEnhIter.png Graphic file (type png)
<use locEnhIter.png>
Package pdftex.def Info: locEnhIter.png  used on input line 471.
(pdftex.def)             Requested size: 553.58778pt x 311.48347pt.

Overfull \hbox (24.65103pt too wide) in paragraph at lines 471--472
[][] 
 []

<ageSim70.png, id=144, 767.86874pt x 431.6125pt>
File: ageSim70.png Graphic file (type png)
<use ageSim70.png>
Package pdftex.def Info: ageSim70.png  used on input line 479.
(pdftex.def)             Requested size: 253.39746pt x 142.43256pt.
<ageSim439.png, id=145, 854.19125pt x 479.7925pt>
File: ageSim439.png Graphic file (type png)
<use ageSim439.png>
Package pdftex.def Info: ageSim439.png  used on input line 480.
(pdftex.def)             Requested size: 281.88399pt x 158.332pt.
<ageAsim71.png, id=146, 769.87625pt x 433.62pt>
File: ageAsim71.png Graphic file (type png)
<use ageAsim71.png>
Package pdftex.def Info: ageAsim71.png  used on input line 481.
(pdftex.def)             Requested size: 254.05995pt x 143.09503pt.
<ageAsim443.png, id=147, 769.87625pt x 433.62pt>
File: ageAsim443.png Graphic file (type png)
<use ageAsim443.png>
Package pdftex.def Info: ageAsim443.png  used on input line 482.
(pdftex.def)             Requested size: 254.05995pt x 143.09503pt.

Overfull \hbox (8.56638pt too wide) in paragraph at lines 479--483
[][] []
 []

[14 <./locEnhAsim71.png> <./locEnhAsim443.png> <./locEnhIter.png>]
<ageIter.png, id=154, 767.86874pt x 432.61626pt>
File: ageIter.png Graphic file (type png)
<use ageIter.png>
Package pdftex.def Info: ageIter.png  used on input line 486.
(pdftex.def)             Requested size: 552.86507pt x 311.48347pt.

Overfull \hbox (23.92831pt too wide) in paragraph at lines 486--487
[][] 
 []

[15 <./ageSim70.png> <./ageSim439.png> <./ageAsim71.png> <./ageAsim443.png> <./
ageIter.png>] [16]
<Interval=10.png, id=168, 735.402pt x 480.705pt>
File: Interval=10.png Graphic file (type png)
<use Interval=10.png>
Package pdftex.def Info: Interval=10.png  used on input line 594.
(pdftex.def)             Requested size: 529.48903pt x 346.10733pt.
<Interval=100.png, id=169, 735.402pt x 480.705pt>
File: Interval=100.png Graphic file (type png)
<use Interval=100.png>
Package pdftex.def Info: Interval=100.png  used on input line 595.
(pdftex.def)             Requested size: 529.48903pt x 346.10733pt.
<Interval=1000.png, id=170, 735.402pt x 480.705pt>
File: Interval=1000.png Graphic file (type png)
<use Interval=1000.png>
Package pdftex.def Info: Interval=1000.png  used on input line 596.
(pdftex.def)             Requested size: 529.48903pt x 346.10733pt.

Overfull \hbox (0.55228pt too wide) in paragraph at lines 594--597
[]
 []


Overfull \hbox (0.55228pt too wide) in paragraph at lines 594--597
[]
 []


Overfull \hbox (0.55228pt too wide) in paragraph at lines 594--597
[] 
 []

[17]
Overfull \vbox (3.00365pt too high) has occurred while \output is active []


[18 <./Interval=10.png> <./Interval=100.png>]
<swpSize=1.png, id=179, 735.402pt x 480.705pt>
File: swpSize=1.png Graphic file (type png)
<use swpSize=1.png>
Package pdftex.def Info: swpSize=1.png  used on input line 599.
(pdftex.def)             Requested size: 264.46837pt x 172.87762pt.
<swpSize=2.png, id=180, 735.402pt x 480.705pt>
File: swpSize=2.png Graphic file (type png)
<use swpSize=2.png>
Package pdftex.def Info: swpSize=2.png  used on input line 600.
(pdftex.def)             Requested size: 264.46837pt x 172.87762pt.
<swpSize=4.png, id=181, 735.402pt x 480.705pt>
File: swpSize=4.png Graphic file (type png)
<use swpSize=4.png>
Package pdftex.def Info: swpSize=4.png  used on input line 601.
(pdftex.def)             Requested size: 264.46837pt x 172.87762pt.
<swpSize=8.png, id=182, 735.402pt x 480.705pt>
File: swpSize=8.png Graphic file (type png)
<use swpSize=8.png>
Package pdftex.def Info: swpSize=8.png  used on input line 602.
(pdftex.def)             Requested size: 264.46837pt x 172.87762pt.
<swpSize=16.png, id=183, 735.402pt x 480.705pt>
File: swpSize=16.png Graphic file (type png)
<use swpSize=16.png>
Package pdftex.def Info: swpSize=16.png  used on input line 603.
(pdftex.def)             Requested size: 264.46837pt x 172.87762pt.
<swpSize=32.png, id=184, 735.402pt x 480.705pt>
File: swpSize=32.png Graphic file (type png)
<use swpSize=32.png>
Package pdftex.def Info: swpSize=32.png  used on input line 604.
(pdftex.def)             Requested size: 264.46837pt x 172.87762pt.

Overfull \hbox (2.22166pt too wide) in paragraph at lines 599--605
[] []
 []


Overfull \hbox (2.22166pt too wide) in paragraph at lines 599--605
[] []
 []


Overfull \hbox (2.22166pt too wide) in paragraph at lines 599--605
[] [] 
 []

[19 <./Interval=1000.png>] [20 <./swpSize=1.png> <./swpSize=2.png> <./swpSize=4
.png> <./swpSize=8.png> <./swpSize=16.png> <./swpSize=32.png>]

LaTeX Warning: `!h' float specifier changed to `!ht'.

[21] [22] (./Sprawko_Genetyk.aux) ) 
Here is how much of TeX's memory you used:
 27899 strings out of 483107
 693564 string characters out of 5964400
 1096714 words of memory out of 5000000
 42460 multiletter control sequences out of 15000+600000
 546183 words of font info for 61 fonts, out of 8000000 for 9000
 56 hyphenation exceptions out of 8191
 78i,9n,136p,741b,609s stack positions out of 5000i,500n,10000p,200000b,80000s
 </home/frank/.texlive2019/texmf-var/fonts/p
k/ljfour/jknappen/ec/ecbx1000.600pk> </home/frank/.texlive2019/texmf-var/fonts/
pk/ljfour/jknappen/ec/tcrm1000.600pk> </home/frank/.texlive2019/texmf-var/fonts
/pk/ljfour/jknappen/ec/ecti1000.600pk> </home/frank/.texlive2019/texmf-var/font
s/pk/ljfour/jknappen/ec/ectt1000.600pk> </home/frank/.texlive2019/texmf-var/fon
ts/pk/ljfour/jknappen/ec/ecbx1200.600pk> </home/frank/.texlive2019/texmf-var/fo
nts/pk/ljfour/jknappen/ec/ecrm1000.600pk> </home/frank/.texlive2019/texmf-var/f
onts/pk/ljfour/jknappen/ec/ecbx1440.600pk> </home/frank/.texlive2019/texmf-var/
fonts/pk/ljfour/jknappen/ec/ecrm1200.600pk> </home/frank/.texlive2019/texmf-var
/fonts/pk/ljfour/jknappen/ec/ecbx1728.600pk></usr/share/texlive/texmf-dist/font
s/type1/public/amsfonts/cm/cmmi10.pfb></usr/share/texlive/texmf-dist/fonts/type
1/public/amsfonts/cm/cmmi7.pfb></usr/share/texlive/texmf-dist/fonts/type1/publi
c/amsfonts/cm/cmr10.pfb></usr/share/texlive/texmf-dist/fonts/type1/public/amsfo
nts/cm/cmr7.pfb></usr/share/texlive/texmf-dist/fonts/type1/public/amsfonts/cm/c
msy10.pfb></usr/share/texlive/texmf-dist/fonts/type1/public/amsfonts/cm/cmsy7.p
fb>
Output written on Sprawko_Genetyk.pdf (22 pages, 3949730 bytes).
PDF statistics:
 576 PDF objects out of 1000 (max. 8388607)
 108 compressed objects within 2 object streams
 0 named destinations out of 1000 (max. 500000)
 298 words of extra memory for PDF output out of 10000 (max. 10000000)

